<?xml version="1.0" encoding="UTF-8"?>
<!-- Generated by org.testng.reporters.JUnitReportReporter -->
<testsuite hostname="LAPTOP-0T68D1TP" failures="0" tests="2" name="testngsessions.google1" time="0.009" errors="0" timestamp="2024-08-21T23:46:06 IST" skipped="0">
  <testcase classname="testngsessions.google1" name="headerTest" time="0.007"/>
  <testcase classname="testngsessions.google1" name="titleTest" time="0.002"/>
</testsuite> <!-- testngsessions.google1 -->
