<?xml version="1.0" encoding="UTF-8"?>
<!-- Generated by org.testng.reporters.JUnitReportReporter -->
<testsuite hostname="LAPTOP-0T68D1TP" failures="0" tests="2" name="testngsessions.OpenCartTest" time="0.013" errors="0" timestamp="2024-03-29T16:58:25 IST" skipped="0">
  <testcase classname="testngsessions.OpenCartTest" name="gettitle" time="0.009"/>
  <testcase classname="testngsessions.OpenCartTest" name="url" time="0.004"/>
</testsuite> <!-- testngsessions.OpenCartTest -->
