<?xml version="1.0" encoding="UTF-8"?>
<!-- Generated by org.testng.reporters.JUnitReportReporter -->
<testsuite hostname="LAPTOP-0T68D1TP" failures="0" tests="7" name="testngsessions.InvocationCount" time="0.018" errors="0" timestamp="2024-08-24T22:25:14 IST" skipped="0">
  <testcase classname="testngsessions.InvocationCount" name="login" time="0.001"/>
  <testcase classname="testngsessions.InvocationCount" name="login" time="0.009"/>
  <testcase classname="testngsessions.InvocationCount" name="login" time="0.002"/>
  <testcase classname="testngsessions.InvocationCount" name="login" time="0.002"/>
  <testcase classname="testngsessions.InvocationCount" name="login" time="0.001"/>
  <testcase classname="testngsessions.InvocationCount" name="url" time="0.001"/>
  <testcase classname="testngsessions.InvocationCount" name="gettitle" time="0.002"/>
</testsuite> <!-- testngsessions.InvocationCount -->
