<?xml version="1.0" encoding="UTF-8"?>
<!-- Generated by org.testng.reporters.JUnitReportReporter -->
<testsuite hostname="LAPTOP-0T68D1TP" failures="0" tests="2" name="testngsessions.amazontest" time="0.006" errors="0" timestamp="2024-08-20T22:50:19 IST" skipped="0">
  <testcase classname="testngsessions.amazontest" name="headerTest" time="0.005"/>
  <testcase classname="testngsessions.amazontest" name="titleTest" time="0.001"/>
</testsuite> <!-- testngsessions.amazontest -->
