<?xml version="1.0" encoding="UTF-8"?>
<!-- Generated by org.testng.reporters.JUnitReportReporter -->
<testsuite hostname="LAPTOP-0T68D1TP" failures="0" tests="1" name="testngsessions.FlipcartTest" time="0.010" errors="0" timestamp="2024-08-24T22:43:48 IST" skipped="0">
  <testcase classname="testngsessions.FlipcartTest" name="title" time="0.010"/>
</testsuite> <!-- testngsessions.FlipcartTest -->
