<?xml version="1.0" encoding="UTF-8"?>
<!-- Generated by org.testng.reporters.JUnitReportReporter -->
<testsuite hostname="LAPTOP-0T68D1TP" failures="0" tests="3" name="testngsessions.Googletest" time="0.078" errors="0" timestamp="2024-03-30T12:21:56 IST" skipped="0">
  <testcase classname="testngsessions.Googletest" name="imagetest" time="0.056"/>
  <testcase classname="testngsessions.Googletest" name="titletest" time="0.011"/>
  <testcase classname="testngsessions.Googletest" name="urlTest" time="0.011"/>
</testsuite> <!-- testngsessions.Googletest -->
