<?xml version="1.0" encoding="UTF-8"?>
<!-- Generated by org.testng.reporters.JUnitReportReporter -->
<testsuite hostname="LAPTOP-0T68D1TP" failures="0" tests="3" name="testngsessions.prioprityTest" time="0.014" errors="0" timestamp="2024-03-29T17:04:11 IST" skipped="0">
  <testcase classname="testngsessions.prioprityTest" name="login" time="0.011"/>
  <testcase classname="testngsessions.prioprityTest" name="url" time="0.002"/>
  <testcase classname="testngsessions.prioprityTest" name="gettitle" time="0.001"/>
</testsuite> <!-- testngsessions.prioprityTest -->
